mode: set
github.com/jianfengye/collection/abs_array.go:21.39,23.2 1 1
github.com/jianfengye/collection/abs_array.go:25.57,28.2 2 1
github.com/jianfengye/collection/abs_array.go:33.62,34.23 1 1
github.com/jianfengye/collection/abs_array.go:37.2,37.36 1 1
github.com/jianfengye/collection/abs_array.go:34.23,35.21 1 0
github.com/jianfengye/collection/abs_array.go:40.74,41.22 1 1
github.com/jianfengye/collection/abs_array.go:44.2,44.23 1 1
github.com/jianfengye/collection/abs_array.go:48.2,48.38 1 1
github.com/jianfengye/collection/abs_array.go:41.22,43.3 1 0
github.com/jianfengye/collection/abs_array.go:44.23,45.21 1 0
github.com/jianfengye/collection/abs_array.go:52.57,53.22 1 1
github.com/jianfengye/collection/abs_array.go:56.2,56.23 1 1
github.com/jianfengye/collection/abs_array.go:59.2,59.33 1 1
github.com/jianfengye/collection/abs_array.go:53.22,55.3 1 0
github.com/jianfengye/collection/abs_array.go:56.23,57.21 1 0
github.com/jianfengye/collection/abs_array.go:62.45,63.23 1 1
github.com/jianfengye/collection/abs_array.go:66.2,66.28 1 1
github.com/jianfengye/collection/abs_array.go:63.23,64.21 1 0
github.com/jianfengye/collection/abs_array.go:69.39,70.22 1 1
github.com/jianfengye/collection/abs_array.go:73.2,73.23 1 1
github.com/jianfengye/collection/abs_array.go:76.2,76.27 1 1
github.com/jianfengye/collection/abs_array.go:70.22,72.3 1 0
github.com/jianfengye/collection/abs_array.go:73.23,74.21 1 0
github.com/jianfengye/collection/abs_array.go:79.33,80.23 1 0
github.com/jianfengye/collection/abs_array.go:83.2,83.17 1 0
github.com/jianfengye/collection/abs_array.go:80.23,81.29 1 0
github.com/jianfengye/collection/abs_array.go:90.64,91.22 1 1
github.com/jianfengye/collection/abs_array.go:94.2,94.38 1 1
github.com/jianfengye/collection/abs_array.go:91.22,93.3 1 0
github.com/jianfengye/collection/abs_array.go:97.42,99.2 1 1
github.com/jianfengye/collection/abs_array.go:101.45,103.2 1 1
github.com/jianfengye/collection/abs_array.go:105.56,106.22 1 1
github.com/jianfengye/collection/abs_array.go:110.2,110.24 1 1
github.com/jianfengye/collection/abs_array.go:114.2,114.35 1 1
github.com/jianfengye/collection/abs_array.go:120.2,120.11 1 0
github.com/jianfengye/collection/abs_array.go:106.22,108.3 1 0
github.com/jianfengye/collection/abs_array.go:110.24,112.3 1 0
github.com/jianfengye/collection/abs_array.go:114.35,116.32 2 1
github.com/jianfengye/collection/abs_array.go:116.32,118.4 1 1
github.com/jianfengye/collection/abs_array.go:123.48,124.22 1 1
github.com/jianfengye/collection/abs_array.go:127.2,128.35 2 1
github.com/jianfengye/collection/abs_array.go:134.2,134.15 1 1
github.com/jianfengye/collection/abs_array.go:124.22,126.3 1 0
github.com/jianfengye/collection/abs_array.go:128.35,130.34 2 1
github.com/jianfengye/collection/abs_array.go:130.34,132.4 1 1
github.com/jianfengye/collection/abs_array.go:137.86,138.22 1 1
github.com/jianfengye/collection/abs_array.go:141.2,142.35 2 1
github.com/jianfengye/collection/abs_array.go:151.2,151.15 1 1
github.com/jianfengye/collection/abs_array.go:138.22,140.3 1 0
github.com/jianfengye/collection/abs_array.go:142.35,144.23 2 1
github.com/jianfengye/collection/abs_array.go:144.23,145.24 1 1
github.com/jianfengye/collection/abs_array.go:148.4,148.20 1 1
github.com/jianfengye/collection/abs_array.go:145.24,146.10 1 0
github.com/jianfengye/collection/abs_array.go:154.81,155.22 1 1
github.com/jianfengye/collection/abs_array.go:158.2,158.17 1 1
github.com/jianfengye/collection/abs_array.go:162.2,162.18 1 1
github.com/jianfengye/collection/abs_array.go:166.2,167.22 2 1
github.com/jianfengye/collection/abs_array.go:155.22,157.3 1 0
github.com/jianfengye/collection/abs_array.go:158.17,159.35 1 0
github.com/jianfengye/collection/abs_array.go:162.18,164.3 1 1
github.com/jianfengye/collection/abs_array.go:170.56,171.22 1 1
github.com/jianfengye/collection/abs_array.go:174.2,174.32 1 1
github.com/jianfengye/collection/abs_array.go:178.2,180.33 3 1
github.com/jianfengye/collection/abs_array.go:184.2,185.35 2 1
github.com/jianfengye/collection/abs_array.go:194.2,194.15 1 1
github.com/jianfengye/collection/abs_array.go:171.22,173.3 1 0
github.com/jianfengye/collection/abs_array.go:174.32,175.36 1 0
github.com/jianfengye/collection/abs_array.go:180.33,182.3 1 1
github.com/jianfengye/collection/abs_array.go:185.35,186.17 1 1
github.com/jianfengye/collection/abs_array.go:186.17,189.31 3 1
github.com/jianfengye/collection/abs_array.go:189.31,190.10 1 1
github.com/jianfengye/collection/abs_array.go:197.63,198.22 1 1
github.com/jianfengye/collection/abs_array.go:201.2,201.23 1 1
github.com/jianfengye/collection/abs_array.go:205.2,205.36 1 1
github.com/jianfengye/collection/abs_array.go:209.2,209.12 1 1
github.com/jianfengye/collection/abs_array.go:198.22,200.3 1 0
github.com/jianfengye/collection/abs_array.go:201.23,203.3 1 0
github.com/jianfengye/collection/abs_array.go:205.36,208.3 2 1
github.com/jianfengye/collection/abs_array.go:213.67,214.22 1 1
github.com/jianfengye/collection/abs_array.go:217.2,217.35 1 1
github.com/jianfengye/collection/abs_array.go:214.22,216.3 1 0
github.com/jianfengye/collection/abs_array.go:217.35,221.23 3 1
github.com/jianfengye/collection/abs_array.go:221.23,223.4 1 1
github.com/jianfengye/collection/abs_array.go:228.90,229.22 1 1
github.com/jianfengye/collection/abs_array.go:234.2,234.22 1 1
github.com/jianfengye/collection/abs_array.go:238.2,242.35 5 1
github.com/jianfengye/collection/abs_array.go:252.2,252.12 1 1
github.com/jianfengye/collection/abs_array.go:229.22,231.3 1 0
github.com/jianfengye/collection/abs_array.go:234.22,236.3 1 0
github.com/jianfengye/collection/abs_array.go:242.35,246.23 3 1
github.com/jianfengye/collection/abs_array.go:250.3,250.17 1 1
github.com/jianfengye/collection/abs_array.go:246.23,247.9 1 1
github.com/jianfengye/collection/abs_array.go:255.75,256.22 1 1
github.com/jianfengye/collection/abs_array.go:260.2,260.22 1 1
github.com/jianfengye/collection/abs_array.go:264.2,264.22 1 1
github.com/jianfengye/collection/abs_array.go:269.2,272.22 4 1
github.com/jianfengye/collection/abs_array.go:276.2,276.35 1 1
github.com/jianfengye/collection/abs_array.go:283.2,283.14 1 1
github.com/jianfengye/collection/abs_array.go:256.22,258.3 1 0
github.com/jianfengye/collection/abs_array.go:260.22,262.3 1 0
github.com/jianfengye/collection/abs_array.go:264.22,267.3 2 0
github.com/jianfengye/collection/abs_array.go:272.22,274.3 1 0
github.com/jianfengye/collection/abs_array.go:276.35,279.23 3 1
github.com/jianfengye/collection/abs_array.go:279.23,281.4 1 0
github.com/jianfengye/collection/abs_array.go:286.78,287.22 1 1
github.com/jianfengye/collection/abs_array.go:290.2,290.22 1 1
github.com/jianfengye/collection/abs_array.go:294.2,294.35 1 1
github.com/jianfengye/collection/abs_array.go:303.2,303.13 1 1
github.com/jianfengye/collection/abs_array.go:287.22,289.3 1 0
github.com/jianfengye/collection/abs_array.go:290.22,292.3 1 0
github.com/jianfengye/collection/abs_array.go:294.35,296.23 2 1
github.com/jianfengye/collection/abs_array.go:299.3,299.23 1 1
github.com/jianfengye/collection/abs_array.go:296.23,298.4 1 1
github.com/jianfengye/collection/abs_array.go:299.23,301.4 1 0
github.com/jianfengye/collection/abs_array.go:306.70,307.22 1 1
github.com/jianfengye/collection/abs_array.go:311.2,312.34 2 1
github.com/jianfengye/collection/abs_array.go:307.22,309.3 1 0
github.com/jianfengye/collection/abs_array.go:315.62,316.22 1 1
github.com/jianfengye/collection/abs_array.go:320.2,321.35 2 1
github.com/jianfengye/collection/abs_array.go:327.2,327.15 1 1
github.com/jianfengye/collection/abs_array.go:316.22,318.3 1 0
github.com/jianfengye/collection/abs_array.go:321.35,322.28 1 1
github.com/jianfengye/collection/abs_array.go:322.28,325.4 2 1
github.com/jianfengye/collection/abs_array.go:330.71,331.22 1 1
github.com/jianfengye/collection/abs_array.go:335.2,337.15 2 1
github.com/jianfengye/collection/abs_array.go:353.2,353.15 1 1
github.com/jianfengye/collection/abs_array.go:369.2,369.15 1 1
github.com/jianfengye/collection/abs_array.go:331.22,333.3 1 0
github.com/jianfengye/collection/abs_array.go:337.15,338.27 1 1
github.com/jianfengye/collection/abs_array.go:342.3,342.36 1 1
github.com/jianfengye/collection/abs_array.go:346.3,346.40 1 1
github.com/jianfengye/collection/abs_array.go:350.3,350.16 1 1
github.com/jianfengye/collection/abs_array.go:338.27,340.4 1 0
github.com/jianfengye/collection/abs_array.go:342.36,345.4 2 1
github.com/jianfengye/collection/abs_array.go:346.40,348.4 1 1
github.com/jianfengye/collection/abs_array.go:353.15,354.28 1 1
github.com/jianfengye/collection/abs_array.go:359.3,359.41 1 1
github.com/jianfengye/collection/abs_array.go:363.3,363.36 1 1
github.com/jianfengye/collection/abs_array.go:354.28,357.4 2 0
github.com/jianfengye/collection/abs_array.go:359.41,361.4 1 1
github.com/jianfengye/collection/abs_array.go:363.36,366.4 2 1
github.com/jianfengye/collection/abs_array.go:372.38,373.22 1 1
github.com/jianfengye/collection/abs_array.go:377.2,380.12 3 1
github.com/jianfengye/collection/abs_array.go:373.22,375.3 1 0
github.com/jianfengye/collection/abs_array.go:383.62,384.22 1 1
github.com/jianfengye/collection/abs_array.go:388.2,388.25 1 1
github.com/jianfengye/collection/abs_array.go:384.22,386.3 1 0
github.com/jianfengye/collection/abs_array.go:391.65,392.22 1 1
github.com/jianfengye/collection/abs_array.go:396.2,396.28 1 1
github.com/jianfengye/collection/abs_array.go:392.22,394.3 1 0
github.com/jianfengye/collection/abs_array.go:399.41,400.22 1 1
github.com/jianfengye/collection/abs_array.go:404.2,407.25 4 1
github.com/jianfengye/collection/abs_array.go:400.22,402.3 1 0
github.com/jianfengye/collection/abs_array.go:410.49,411.22 1 1
github.com/jianfengye/collection/abs_array.go:415.2,416.42 2 1
github.com/jianfengye/collection/abs_array.go:420.2,420.15 1 1
github.com/jianfengye/collection/abs_array.go:411.22,413.3 1 0
github.com/jianfengye/collection/abs_array.go:416.42,419.3 2 0
github.com/jianfengye/collection/abs_array.go:423.49,424.22 1 1
github.com/jianfengye/collection/abs_array.go:428.2,429.35 2 1
github.com/jianfengye/collection/abs_array.go:432.2,432.43 1 1
github.com/jianfengye/collection/abs_array.go:436.2,437.36 2 1
github.com/jianfengye/collection/abs_array.go:441.2,441.15 1 1
github.com/jianfengye/collection/abs_array.go:424.22,426.3 1 0
github.com/jianfengye/collection/abs_array.go:429.35,431.3 1 1
github.com/jianfengye/collection/abs_array.go:432.43,434.3 1 1
github.com/jianfengye/collection/abs_array.go:437.36,440.3 2 1
github.com/jianfengye/collection/abs_array.go:444.57,445.22 1 0
github.com/jianfengye/collection/abs_array.go:449.2,450.12 2 0
github.com/jianfengye/collection/abs_array.go:445.22,447.3 1 0
github.com/jianfengye/collection/abs_array.go:453.58,454.22 1 0
github.com/jianfengye/collection/abs_array.go:458.2,459.12 2 0
github.com/jianfengye/collection/abs_array.go:454.22,456.3 1 0
github.com/jianfengye/collection/abs_array.go:462.62,463.22 1 0
github.com/jianfengye/collection/abs_array.go:467.2,468.12 2 0
github.com/jianfengye/collection/abs_array.go:463.22,465.3 1 0
github.com/jianfengye/collection/abs_array.go:471.98,474.2 2 1
github.com/jianfengye/collection/abs_array.go:476.38,477.22 1 1
github.com/jianfengye/collection/abs_array.go:480.2,480.24 1 1
github.com/jianfengye/collection/abs_array.go:484.2,484.22 1 1
github.com/jianfengye/collection/abs_array.go:488.2,489.35 2 1
github.com/jianfengye/collection/abs_array.go:496.2,496.23 1 1
github.com/jianfengye/collection/abs_array.go:477.22,479.3 1 0
github.com/jianfengye/collection/abs_array.go:480.24,482.3 1 0
github.com/jianfengye/collection/abs_array.go:484.22,486.3 1 0
github.com/jianfengye/collection/abs_array.go:489.35,492.32 3 1
github.com/jianfengye/collection/abs_array.go:492.32,494.4 1 1
github.com/jianfengye/collection/abs_array.go:499.38,500.22 1 1
github.com/jianfengye/collection/abs_array.go:503.2,503.24 1 1
github.com/jianfengye/collection/abs_array.go:507.2,507.22 1 1
github.com/jianfengye/collection/abs_array.go:511.2,512.35 2 1
github.com/jianfengye/collection/abs_array.go:519.2,519.23 1 1
github.com/jianfengye/collection/abs_array.go:500.22,502.3 1 0
github.com/jianfengye/collection/abs_array.go:503.24,505.3 1 0
github.com/jianfengye/collection/abs_array.go:507.22,509.3 1 0
github.com/jianfengye/collection/abs_array.go:512.35,515.32 3 1
github.com/jianfengye/collection/abs_array.go:515.32,517.4 1 0
github.com/jianfengye/collection/abs_array.go:522.58,523.22 1 1
github.com/jianfengye/collection/abs_array.go:526.2,526.35 1 1
github.com/jianfengye/collection/abs_array.go:532.2,532.14 1 1
github.com/jianfengye/collection/abs_array.go:523.22,525.3 1 0
github.com/jianfengye/collection/abs_array.go:526.35,528.31 2 1
github.com/jianfengye/collection/abs_array.go:528.31,530.4 1 1
github.com/jianfengye/collection/abs_array.go:535.62,536.22 1 1
github.com/jianfengye/collection/abs_array.go:540.2,541.35 2 1
github.com/jianfengye/collection/abs_array.go:547.2,547.15 1 1
github.com/jianfengye/collection/abs_array.go:536.22,538.3 1 0
github.com/jianfengye/collection/abs_array.go:541.35,543.32 2 1
github.com/jianfengye/collection/abs_array.go:543.32,545.4 1 1
github.com/jianfengye/collection/abs_array.go:550.46,551.22 1 1
github.com/jianfengye/collection/abs_array.go:554.2,554.24 1 1
github.com/jianfengye/collection/abs_array.go:558.2,560.48 2 1
github.com/jianfengye/collection/abs_array.go:569.2,570.35 2 1
github.com/jianfengye/collection/abs_array.go:594.2,594.15 1 1
github.com/jianfengye/collection/abs_array.go:551.22,553.3 1 0
github.com/jianfengye/collection/abs_array.go:554.24,556.3 1 0
github.com/jianfengye/collection/abs_array.go:560.48,561.33 1 1
github.com/jianfengye/collection/abs_array.go:566.3,566.15 1 1
github.com/jianfengye/collection/abs_array.go:561.33,562.22 1 1
github.com/jianfengye/collection/abs_array.go:562.22,564.5 1 1
github.com/jianfengye/collection/abs_array.go:570.35,572.36 2 1
github.com/jianfengye/collection/abs_array.go:590.3,592.22 3 1
github.com/jianfengye/collection/abs_array.go:572.36,573.30 1 1
github.com/jianfengye/collection/abs_array.go:577.4,577.17 1 1
github.com/jianfengye/collection/abs_array.go:582.4,584.34 3 1
github.com/jianfengye/collection/abs_array.go:573.30,574.13 1 1
github.com/jianfengye/collection/abs_array.go:577.17,579.13 2 1
github.com/jianfengye/collection/abs_array.go:584.34,586.13 2 1
github.com/jianfengye/collection/abs_array.go:597.50,598.22 1 1
github.com/jianfengye/collection/abs_array.go:601.2,601.24 1 1
github.com/jianfengye/collection/abs_array.go:605.2,607.48 2 1
github.com/jianfengye/collection/abs_array.go:617.2,618.35 2 1
github.com/jianfengye/collection/abs_array.go:642.2,642.15 1 1
github.com/jianfengye/collection/abs_array.go:598.22,600.3 1 0
github.com/jianfengye/collection/abs_array.go:601.24,603.3 1 0
github.com/jianfengye/collection/abs_array.go:607.48,608.33 1 1
github.com/jianfengye/collection/abs_array.go:613.3,613.15 1 1
github.com/jianfengye/collection/abs_array.go:608.33,609.22 1 1
github.com/jianfengye/collection/abs_array.go:609.22,611.5 1 1
github.com/jianfengye/collection/abs_array.go:618.35,620.36 2 1
github.com/jianfengye/collection/abs_array.go:638.3,640.22 3 1
github.com/jianfengye/collection/abs_array.go:620.36,621.30 1 1
github.com/jianfengye/collection/abs_array.go:625.4,625.17 1 1
github.com/jianfengye/collection/abs_array.go:630.4,632.34 3 1
github.com/jianfengye/collection/abs_array.go:621.30,622.13 1 1
github.com/jianfengye/collection/abs_array.go:625.17,627.13 2 1
github.com/jianfengye/collection/abs_array.go:632.34,634.13 2 1
github.com/jianfengye/collection/abs_array.go:645.94,646.22 1 1
github.com/jianfengye/collection/abs_array.go:650.2,651.35 2 1
github.com/jianfengye/collection/abs_array.go:665.2,665.21 1 1
github.com/jianfengye/collection/abs_array.go:646.22,648.3 1 0
github.com/jianfengye/collection/abs_array.go:651.35,652.23 1 1
github.com/jianfengye/collection/abs_array.go:661.3,661.27 1 1
github.com/jianfengye/collection/abs_array.go:652.23,655.4 2 1
github.com/jianfengye/collection/abs_array.go:655.9,659.4 3 1
github.com/jianfengye/collection/abs_array.go:661.27,663.4 1 1
github.com/jianfengye/collection/abs_array.go:668.38,669.22 1 1
github.com/jianfengye/collection/abs_array.go:672.2,672.22 1 1
github.com/jianfengye/collection/abs_array.go:676.2,680.34 5 1
github.com/jianfengye/collection/abs_array.go:686.2,687.16 2 1
github.com/jianfengye/collection/abs_array.go:690.2,690.12 1 1
github.com/jianfengye/collection/abs_array.go:669.22,671.3 1 0
github.com/jianfengye/collection/abs_array.go:672.22,674.3 1 0
github.com/jianfengye/collection/abs_array.go:680.34,682.17 2 1
github.com/jianfengye/collection/abs_array.go:682.17,684.4 1 0
github.com/jianfengye/collection/abs_array.go:687.16,689.3 1 0
github.com/jianfengye/collection/abs_array.go:693.41,694.22 1 1
github.com/jianfengye/collection/abs_array.go:697.2,698.29 2 1
github.com/jianfengye/collection/abs_array.go:710.2,710.45 1 0
github.com/jianfengye/collection/abs_array.go:694.22,696.3 1 0
github.com/jianfengye/collection/abs_array.go:698.29,700.17 2 1
github.com/jianfengye/collection/abs_array.go:703.3,704.17 2 1
github.com/jianfengye/collection/abs_array.go:707.3,707.13 1 1
github.com/jianfengye/collection/abs_array.go:700.17,702.4 1 0
github.com/jianfengye/collection/abs_array.go:704.17,706.4 1 0
github.com/jianfengye/collection/abs_array.go:713.39,714.22 1 1
github.com/jianfengye/collection/abs_array.go:718.2,721.48 4 1
github.com/jianfengye/collection/abs_array.go:734.2,734.33 1 1
github.com/jianfengye/collection/abs_array.go:714.22,716.3 1 0
github.com/jianfengye/collection/abs_array.go:721.48,723.45 2 1
github.com/jianfengye/collection/abs_array.go:728.3,728.16 1 1
github.com/jianfengye/collection/abs_array.go:723.45,724.35 1 1
github.com/jianfengye/collection/abs_array.go:724.35,726.5 1 1
github.com/jianfengye/collection/abs_array.go:728.16,731.4 2 1
github.com/jianfengye/collection/abs_array.go:737.38,738.22 1 1
github.com/jianfengye/collection/abs_array.go:742.2,742.22 1 1
github.com/jianfengye/collection/abs_array.go:746.2,749.35 4 1
github.com/jianfengye/collection/abs_array.go:752.2,752.12 1 1
github.com/jianfengye/collection/abs_array.go:738.22,740.3 1 0
github.com/jianfengye/collection/abs_array.go:742.22,744.3 1 0
github.com/jianfengye/collection/abs_array.go:749.35,751.3 1 1
github.com/jianfengye/collection/abs_array.go:755.87,756.22 1 1
github.com/jianfengye/collection/abs_array.go:760.2,762.25 3 1
github.com/jianfengye/collection/abs_array.go:768.2,768.12 1 1
github.com/jianfengye/collection/abs_array.go:756.22,758.3 1 0
github.com/jianfengye/collection/abs_array.go:762.25,764.24 2 1
github.com/jianfengye/collection/abs_array.go:764.24,766.4 1 1
github.com/jianfengye/collection/abs_array.go:771.82,772.22 1 1
github.com/jianfengye/collection/abs_array.go:776.2,776.17 1 1
github.com/jianfengye/collection/abs_array.go:779.2,782.25 3 1
github.com/jianfengye/collection/abs_array.go:788.2,788.12 1 0
github.com/jianfengye/collection/abs_array.go:772.22,774.3 1 0
github.com/jianfengye/collection/abs_array.go:776.17,778.3 1 0
github.com/jianfengye/collection/abs_array.go:782.25,784.26 2 1
github.com/jianfengye/collection/abs_array.go:784.26,786.4 1 1
github.com/jianfengye/collection/abs_array.go:791.57,792.22 1 0
github.com/jianfengye/collection/abs_array.go:796.2,797.35 2 0
github.com/jianfengye/collection/abs_array.go:804.2,804.17 1 0
github.com/jianfengye/collection/abs_array.go:792.22,794.3 1 0
github.com/jianfengye/collection/abs_array.go:797.35,799.17 2 0
github.com/jianfengye/collection/abs_array.go:802.3,802.13 1 0
github.com/jianfengye/collection/abs_array.go:799.17,801.4 1 0
github.com/jianfengye/collection/abs_array.go:807.55,808.22 1 0
github.com/jianfengye/collection/abs_array.go:811.2,812.35 2 0
github.com/jianfengye/collection/abs_array.go:819.2,819.17 1 0
github.com/jianfengye/collection/abs_array.go:808.22,810.3 1 0
github.com/jianfengye/collection/abs_array.go:812.35,814.17 2 0
github.com/jianfengye/collection/abs_array.go:817.3,817.13 1 0
github.com/jianfengye/collection/abs_array.go:814.17,816.4 1 0
github.com/jianfengye/collection/abs_array.go:822.51,823.22 1 1
github.com/jianfengye/collection/abs_array.go:826.2,827.35 2 1
github.com/jianfengye/collection/abs_array.go:834.2,834.17 1 1
github.com/jianfengye/collection/abs_array.go:823.22,825.3 1 0
github.com/jianfengye/collection/abs_array.go:827.35,829.17 2 1
github.com/jianfengye/collection/abs_array.go:832.3,832.13 1 1
github.com/jianfengye/collection/abs_array.go:829.17,831.4 1 0
github.com/jianfengye/collection/abs_array.go:837.52,838.22 1 1
github.com/jianfengye/collection/abs_array.go:841.2,842.35 2 1
github.com/jianfengye/collection/abs_array.go:845.2,845.17 1 1
github.com/jianfengye/collection/abs_array.go:838.22,840.3 1 0
github.com/jianfengye/collection/abs_array.go:842.35,844.3 1 1
github.com/jianfengye/collection/abs_array.go:848.59,849.22 1 0
github.com/jianfengye/collection/abs_array.go:852.2,853.35 2 0
github.com/jianfengye/collection/abs_array.go:860.2,860.17 1 0
github.com/jianfengye/collection/abs_array.go:849.22,851.3 1 0
github.com/jianfengye/collection/abs_array.go:853.35,855.17 2 0
github.com/jianfengye/collection/abs_array.go:858.3,858.13 1 0
github.com/jianfengye/collection/abs_array.go:855.17,857.4 1 0
github.com/jianfengye/collection/abs_array.go:863.59,864.22 1 0
github.com/jianfengye/collection/abs_array.go:867.2,868.35 2 0
github.com/jianfengye/collection/abs_array.go:875.2,875.17 1 0
github.com/jianfengye/collection/abs_array.go:864.22,866.3 1 0
github.com/jianfengye/collection/abs_array.go:868.35,870.17 2 0
github.com/jianfengye/collection/abs_array.go:873.3,873.13 1 0
github.com/jianfengye/collection/abs_array.go:870.17,872.4 1 0
github.com/jianfengye/collection/float32_collection.go:13.62,18.70 3 0
github.com/jianfengye/collection/float32_collection.go:29.2,29.12 1 0
github.com/jianfengye/collection/float32_collection.go:18.70,21.18 3 0
github.com/jianfengye/collection/float32_collection.go:24.3,24.18 1 0
github.com/jianfengye/collection/float32_collection.go:27.3,27.11 1 0
github.com/jianfengye/collection/float32_collection.go:21.18,23.4 1 0
github.com/jianfengye/collection/float32_collection.go:24.18,26.4 1 0
github.com/jianfengye/collection/float32_collection.go:32.78,33.22 1 0
github.com/jianfengye/collection/float32_collection.go:36.2,36.32 1 0
github.com/jianfengye/collection/float32_collection.go:44.2,44.12 1 0
github.com/jianfengye/collection/float32_collection.go:33.22,35.3 1 0
github.com/jianfengye/collection/float32_collection.go:36.32,41.3 4 0
github.com/jianfengye/collection/float32_collection.go:41.8,43.3 1 0
github.com/jianfengye/collection/float32_collection.go:47.57,48.22 1 0
github.com/jianfengye/collection/float32_collection.go:52.2,53.14 2 0
github.com/jianfengye/collection/float32_collection.go:56.2,57.12 2 0
github.com/jianfengye/collection/float32_collection.go:48.22,50.3 1 0
github.com/jianfengye/collection/float32_collection.go:53.14,55.3 1 0
github.com/jianfengye/collection/float32_collection.go:60.66,62.19 2 0
github.com/jianfengye/collection/float32_collection.go:65.2,65.15 1 0
github.com/jianfengye/collection/float32_collection.go:62.19,64.3 1 0
github.com/jianfengye/collection/float32_collection.go:69.49,71.2 1 0
github.com/jianfengye/collection/float32_collection.go:73.43,75.2 1 0
github.com/jianfengye/collection/float32_collection.go:77.36,79.29 2 0
github.com/jianfengye/collection/float32_collection.go:82.2,83.16 2 0
github.com/jianfengye/collection/float32_collection.go:79.29,81.3 1 0
github.com/jianfengye/collection/int_collection.go:13.50,18.70 3 1
github.com/jianfengye/collection/int_collection.go:29.2,29.12 1 1
github.com/jianfengye/collection/int_collection.go:18.70,21.18 3 1
github.com/jianfengye/collection/int_collection.go:24.3,24.18 1 1
github.com/jianfengye/collection/int_collection.go:27.3,27.11 1 1
github.com/jianfengye/collection/int_collection.go:21.18,23.4 1 1
github.com/jianfengye/collection/int_collection.go:24.18,26.4 1 1
github.com/jianfengye/collection/int_collection.go:32.74,33.22 1 1
github.com/jianfengye/collection/int_collection.go:36.2,36.28 1 1
github.com/jianfengye/collection/int_collection.go:44.2,44.12 1 1
github.com/jianfengye/collection/int_collection.go:33.22,35.3 1 0
github.com/jianfengye/collection/int_collection.go:36.28,41.3 4 1
github.com/jianfengye/collection/int_collection.go:41.8,43.3 1 0
github.com/jianfengye/collection/int_collection.go:47.53,48.22 1 1
github.com/jianfengye/collection/int_collection.go:52.2,53.14 2 1
github.com/jianfengye/collection/int_collection.go:56.2,57.12 2 1
github.com/jianfengye/collection/int_collection.go:48.22,50.3 1 0
github.com/jianfengye/collection/int_collection.go:53.14,55.3 1 0
github.com/jianfengye/collection/int_collection.go:60.62,62.19 2 1
github.com/jianfengye/collection/int_collection.go:65.2,65.15 1 1
github.com/jianfengye/collection/int_collection.go:62.19,64.3 1 1
github.com/jianfengye/collection/int_collection.go:69.45,71.2 1 1
github.com/jianfengye/collection/int_collection.go:73.39,75.2 1 1
github.com/jianfengye/collection/int_collection.go:77.32,79.29 2 1
github.com/jianfengye/collection/int_collection.go:82.2,83.16 2 1
github.com/jianfengye/collection/int_collection.go:79.29,81.3 1 1
github.com/jianfengye/collection/mix.go:41.34,45.2 3 0
github.com/jianfengye/collection/mix.go:47.36,52.2 1 1
github.com/jianfengye/collection/mix.go:55.53,56.20 1 1
github.com/jianfengye/collection/mix.go:70.2,70.12 1 0
github.com/jianfengye/collection/mix.go:57.22,58.38 1 1
github.com/jianfengye/collection/mix.go:59.19,60.35 1 1
github.com/jianfengye/collection/mix.go:61.21,62.39 1 0
github.com/jianfengye/collection/mix.go:63.23,64.43 1 0
github.com/jianfengye/collection/mix.go:65.23,66.43 1 0
github.com/jianfengye/collection/mix.go:67.19,68.37 1 0
github.com/jianfengye/collection/mix.go:73.27,75.2 1 1
github.com/jianfengye/collection/mix.go:77.38,80.2 2 0
github.com/jianfengye/collection/mix.go:82.34,84.2 1 0
github.com/jianfengye/collection/mix.go:87.34,88.32 1 0
github.com/jianfengye/collection/mix.go:144.2,144.14 1 0
github.com/jianfengye/collection/mix.go:88.32,89.23 1 0
github.com/jianfengye/collection/mix.go:90.23,92.18 2 0
github.com/jianfengye/collection/mix.go:95.4,96.18 2 0
github.com/jianfengye/collection/mix.go:99.4,99.25 1 0
github.com/jianfengye/collection/mix.go:100.20,102.18 2 0
github.com/jianfengye/collection/mix.go:105.4,106.18 2 0
github.com/jianfengye/collection/mix.go:109.4,109.23 1 0
github.com/jianfengye/collection/mix.go:110.22,112.18 2 0
github.com/jianfengye/collection/mix.go:115.4,116.18 2 0
github.com/jianfengye/collection/mix.go:119.4,119.25 1 0
github.com/jianfengye/collection/mix.go:120.24,122.18 2 0
github.com/jianfengye/collection/mix.go:125.4,126.18 2 0
github.com/jianfengye/collection/mix.go:129.4,129.25 1 0
github.com/jianfengye/collection/mix.go:130.24,132.18 2 0
github.com/jianfengye/collection/mix.go:135.4,136.18 2 0
github.com/jianfengye/collection/mix.go:139.4,139.25 1 0
github.com/jianfengye/collection/mix.go:140.11,141.40 1 0
github.com/jianfengye/collection/mix.go:92.18,94.5 1 0
github.com/jianfengye/collection/mix.go:96.18,98.5 1 0
github.com/jianfengye/collection/mix.go:102.18,104.5 1 0
github.com/jianfengye/collection/mix.go:106.18,108.5 1 0
github.com/jianfengye/collection/mix.go:112.18,114.5 1 0
github.com/jianfengye/collection/mix.go:116.18,118.5 1 0
github.com/jianfengye/collection/mix.go:122.18,124.5 1 0
github.com/jianfengye/collection/mix.go:126.18,128.5 1 0
github.com/jianfengye/collection/mix.go:132.18,134.5 1 0
github.com/jianfengye/collection/mix.go:136.18,138.5 1 0
github.com/jianfengye/collection/mix.go:147.41,148.20 1 1
github.com/jianfengye/collection/mix.go:151.2,151.22 1 1
github.com/jianfengye/collection/mix.go:148.20,150.3 1 0
github.com/jianfengye/collection/mix.go:152.22,154.17 2 0
github.com/jianfengye/collection/mix.go:157.3,158.17 2 0
github.com/jianfengye/collection/mix.go:161.3,161.36 1 0
github.com/jianfengye/collection/mix.go:162.19,164.17 2 1
github.com/jianfengye/collection/mix.go:167.3,168.17 2 1
github.com/jianfengye/collection/mix.go:171.3,171.36 1 1
github.com/jianfengye/collection/mix.go:172.21,174.17 2 0
github.com/jianfengye/collection/mix.go:177.3,178.17 2 0
github.com/jianfengye/collection/mix.go:181.3,181.36 1 0
github.com/jianfengye/collection/mix.go:182.23,184.17 2 0
github.com/jianfengye/collection/mix.go:187.3,188.17 2 0
github.com/jianfengye/collection/mix.go:191.3,191.36 1 0
github.com/jianfengye/collection/mix.go:192.23,194.17 2 0
github.com/jianfengye/collection/mix.go:197.3,198.17 2 0
github.com/jianfengye/collection/mix.go:201.3,201.36 1 0
github.com/jianfengye/collection/mix.go:202.10,203.47 1 0
github.com/jianfengye/collection/mix.go:154.17,156.4 1 0
github.com/jianfengye/collection/mix.go:158.17,160.4 1 0
github.com/jianfengye/collection/mix.go:164.17,166.4 1 0
github.com/jianfengye/collection/mix.go:168.17,170.4 1 0
github.com/jianfengye/collection/mix.go:174.17,176.4 1 0
github.com/jianfengye/collection/mix.go:178.17,180.4 1 0
github.com/jianfengye/collection/mix.go:184.17,186.4 1 0
github.com/jianfengye/collection/mix.go:188.17,190.4 1 0
github.com/jianfengye/collection/mix.go:194.17,196.4 1 0
github.com/jianfengye/collection/mix.go:198.17,200.4 1 0
github.com/jianfengye/collection/mix.go:207.41,208.20 1 0
github.com/jianfengye/collection/mix.go:211.2,211.22 1 0
github.com/jianfengye/collection/mix.go:208.20,210.3 1 0
github.com/jianfengye/collection/mix.go:212.22,213.47 1 0
github.com/jianfengye/collection/mix.go:214.19,216.17 2 0
github.com/jianfengye/collection/mix.go:219.3,220.17 2 0
github.com/jianfengye/collection/mix.go:223.3,223.36 1 0
github.com/jianfengye/collection/mix.go:224.21,226.17 2 0
github.com/jianfengye/collection/mix.go:229.3,230.17 2 0
github.com/jianfengye/collection/mix.go:233.3,233.36 1 0
github.com/jianfengye/collection/mix.go:234.23,236.17 2 0
github.com/jianfengye/collection/mix.go:239.3,240.17 2 0
github.com/jianfengye/collection/mix.go:243.3,243.36 1 0
github.com/jianfengye/collection/mix.go:244.23,246.17 2 0
github.com/jianfengye/collection/mix.go:249.3,250.17 2 0
github.com/jianfengye/collection/mix.go:253.3,253.36 1 0
github.com/jianfengye/collection/mix.go:254.10,255.47 1 0
github.com/jianfengye/collection/mix.go:216.17,218.4 1 0
github.com/jianfengye/collection/mix.go:220.17,222.4 1 0
github.com/jianfengye/collection/mix.go:226.17,228.4 1 0
github.com/jianfengye/collection/mix.go:230.17,232.4 1 0
github.com/jianfengye/collection/mix.go:236.17,238.4 1 0
github.com/jianfengye/collection/mix.go:240.17,242.4 1 0
github.com/jianfengye/collection/mix.go:246.17,248.4 1 0
github.com/jianfengye/collection/mix.go:250.17,252.4 1 0
github.com/jianfengye/collection/mix.go:259.40,260.20 1 1
github.com/jianfengye/collection/mix.go:263.2,263.22 1 1
github.com/jianfengye/collection/mix.go:260.20,262.3 1 0
github.com/jianfengye/collection/mix.go:264.22,265.47 1 0
github.com/jianfengye/collection/mix.go:266.19,268.17 2 1
github.com/jianfengye/collection/mix.go:271.3,271.50 1 1
github.com/jianfengye/collection/mix.go:272.21,274.17 2 0
github.com/jianfengye/collection/mix.go:277.3,277.50 1 0
github.com/jianfengye/collection/mix.go:278.23,280.17 2 0
github.com/jianfengye/collection/mix.go:283.3,283.41 1 0
github.com/jianfengye/collection/mix.go:284.23,286.17 2 0
github.com/jianfengye/collection/mix.go:289.3,289.41 1 0
github.com/jianfengye/collection/mix.go:290.10,291.47 1 0
github.com/jianfengye/collection/mix.go:268.17,270.4 1 0
github.com/jianfengye/collection/mix.go:274.17,276.4 1 0
github.com/jianfengye/collection/mix.go:280.17,282.4 1 0
github.com/jianfengye/collection/mix.go:286.17,288.4 1 0
github.com/jianfengye/collection/mix.go:295.42,296.20 1 0
github.com/jianfengye/collection/mix.go:299.2,299.22 1 0
github.com/jianfengye/collection/mix.go:296.20,298.3 1 0
github.com/jianfengye/collection/mix.go:300.22,301.47 1 0
github.com/jianfengye/collection/mix.go:302.19,304.17 2 0
github.com/jianfengye/collection/mix.go:307.3,307.32 1 0
github.com/jianfengye/collection/mix.go:308.21,310.17 2 0
github.com/jianfengye/collection/mix.go:313.3,313.39 1 0
github.com/jianfengye/collection/mix.go:314.23,316.17 2 0
github.com/jianfengye/collection/mix.go:319.3,319.41 1 0
github.com/jianfengye/collection/mix.go:320.23,322.17 2 0
github.com/jianfengye/collection/mix.go:325.3,325.41 1 0
github.com/jianfengye/collection/mix.go:326.10,327.47 1 0
github.com/jianfengye/collection/mix.go:304.17,306.4 1 0
github.com/jianfengye/collection/mix.go:310.17,312.4 1 0
github.com/jianfengye/collection/mix.go:316.17,318.4 1 0
github.com/jianfengye/collection/mix.go:322.17,324.4 1 0
github.com/jianfengye/collection/mix.go:331.41,332.18 1 1
github.com/jianfengye/collection/mix.go:335.2,335.35 1 1
github.com/jianfengye/collection/mix.go:338.2,338.55 1 0
github.com/jianfengye/collection/mix.go:332.18,334.3 1 0
github.com/jianfengye/collection/mix.go:335.35,337.3 1 1
github.com/jianfengye/collection/mix.go:341.40,342.18 1 1
github.com/jianfengye/collection/mix.go:345.2,345.35 1 1
github.com/jianfengye/collection/mix.go:348.2,348.53 1 0
github.com/jianfengye/collection/mix.go:342.18,344.3 1 0
github.com/jianfengye/collection/mix.go:345.35,347.3 1 1
github.com/jianfengye/collection/mix.go:351.36,352.18 1 1
github.com/jianfengye/collection/mix.go:355.2,355.33 1 1
github.com/jianfengye/collection/mix.go:358.2,358.52 1 0
github.com/jianfengye/collection/mix.go:352.18,354.3 1 0
github.com/jianfengye/collection/mix.go:355.33,357.3 1 1
github.com/jianfengye/collection/mix.go:361.44,362.18 1 1
github.com/jianfengye/collection/mix.go:365.2,365.37 1 1
github.com/jianfengye/collection/mix.go:368.2,368.55 1 0
github.com/jianfengye/collection/mix.go:362.18,364.3 1 0
github.com/jianfengye/collection/mix.go:365.37,367.3 1 1
github.com/jianfengye/collection/mix.go:371.44,372.18 1 0
github.com/jianfengye/collection/mix.go:375.2,375.37 1 0
github.com/jianfengye/collection/mix.go:378.2,378.55 1 0
github.com/jianfengye/collection/mix.go:372.18,374.3 1 0
github.com/jianfengye/collection/mix.go:375.37,377.3 1 0
github.com/jianfengye/collection/mix.go:381.50,383.2 1 1
github.com/jianfengye/collection/mix.go:385.31,388.2 2 0
github.com/jianfengye/collection/mix.go:390.20,393.2 2 1
github.com/jianfengye/collection/obj_collection.go:17.56,26.2 5 1
github.com/jianfengye/collection/obj_collection.go:29.62,37.2 4 0
github.com/jianfengye/collection/obj_collection.go:39.74,40.22 1 1
github.com/jianfengye/collection/obj_collection.go:44.2,48.34 5 1
github.com/jianfengye/collection/obj_collection.go:51.2,53.12 3 1
github.com/jianfengye/collection/obj_collection.go:40.22,42.3 1 0
github.com/jianfengye/collection/obj_collection.go:48.34,50.3 1 0
github.com/jianfengye/collection/obj_collection.go:56.45,58.2 1 1
github.com/jianfengye/collection/obj_collection.go:60.62,67.19 4 1
github.com/jianfengye/collection/obj_collection.go:70.2,70.12 1 1
github.com/jianfengye/collection/obj_collection.go:67.19,69.3 1 1
github.com/jianfengye/collection/obj_collection.go:73.53,74.22 1 1
github.com/jianfengye/collection/obj_collection.go:78.2,79.14 2 1
github.com/jianfengye/collection/obj_collection.go:83.2,86.34 4 1
github.com/jianfengye/collection/obj_collection.go:89.2,91.12 3 1
github.com/jianfengye/collection/obj_collection.go:74.22,76.3 1 0
github.com/jianfengye/collection/obj_collection.go:79.14,81.3 1 0
github.com/jianfengye/collection/obj_collection.go:86.34,88.3 1 1
github.com/jianfengye/collection/obj_collection.go:94.39,96.2 1 1
github.com/jianfengye/collection/obj_collection.go:98.32,100.36 2 1
github.com/jianfengye/collection/obj_collection.go:103.2,104.16 2 1
github.com/jianfengye/collection/obj_collection.go:100.36,102.3 1 1
github.com/jianfengye/collection/obj_collection.go:109.57,110.22 1 1
github.com/jianfengye/collection/obj_collection.go:114.2,117.13 3 1
github.com/jianfengye/collection/obj_collection.go:123.2,123.27 1 1
github.com/jianfengye/collection/obj_collection.go:140.2,140.38 1 1
github.com/jianfengye/collection/obj_collection.go:145.2,145.13 1 1
github.com/jianfengye/collection/obj_collection.go:110.22,112.3 1 0
github.com/jianfengye/collection/obj_collection.go:117.13,121.3 3 0
github.com/jianfengye/collection/obj_collection.go:124.22,125.38 1 1
github.com/jianfengye/collection/obj_collection.go:126.21,127.39 1 0
github.com/jianfengye/collection/obj_collection.go:128.19,129.35 1 0
github.com/jianfengye/collection/obj_collection.go:130.23,131.43 1 0
github.com/jianfengye/collection/obj_collection.go:132.23,133.43 1 0
github.com/jianfengye/collection/obj_collection.go:134.10,137.13 3 0
github.com/jianfengye/collection/obj_collection.go:140.38,143.3 2 1
github.com/jianfengye/collection/obj_collection.go:150.32,150.55 1 1
github.com/jianfengye/collection/obj_collection.go:151.37,155.2 3 1
github.com/jianfengye/collection/obj_collection.go:156.42,160.22 3 1
github.com/jianfengye/collection/obj_collection.go:164.2,164.44 1 1
github.com/jianfengye/collection/obj_collection.go:167.2,167.14 1 1
github.com/jianfengye/collection/obj_collection.go:160.22,161.39 1 0
github.com/jianfengye/collection/obj_collection.go:164.44,166.3 1 1
github.com/jianfengye/collection/obj_collection.go:171.36,171.59 1 1
github.com/jianfengye/collection/obj_collection.go:172.41,176.2 3 1
github.com/jianfengye/collection/obj_collection.go:177.46,181.22 3 1
github.com/jianfengye/collection/obj_collection.go:185.2,185.44 1 1
github.com/jianfengye/collection/obj_collection.go:188.2,188.14 1 0
github.com/jianfengye/collection/obj_collection.go:181.22,182.39 1 0
github.com/jianfengye/collection/obj_collection.go:185.44,187.3 1 1
github.com/jianfengye/collection/obj_collection.go:192.58,193.22 1 1
github.com/jianfengye/collection/obj_collection.go:197.2,198.12 2 1
github.com/jianfengye/collection/obj_collection.go:193.22,195.3 1 0
github.com/jianfengye/collection/obj_collection.go:202.62,203.22 1 1
github.com/jianfengye/collection/obj_collection.go:207.2,208.12 2 1
github.com/jianfengye/collection/obj_collection.go:203.22,205.3 1 0
github.com/jianfengye/collection/str_collection.go:15.54,19.2 3 0
github.com/jianfengye/collection/str_collection.go:21.53,23.27 2 1
github.com/jianfengye/collection/str_collection.go:26.2,31.12 4 1
github.com/jianfengye/collection/str_collection.go:23.27,25.3 1 0
github.com/jianfengye/collection/str_collection.go:34.62,36.19 2 0
github.com/jianfengye/collection/str_collection.go:39.2,39.13 1 0
github.com/jianfengye/collection/str_collection.go:36.19,38.3 1 0
github.com/jianfengye/collection/str_collection.go:42.75,43.22 1 1
github.com/jianfengye/collection/str_collection.go:46.2,46.32 1 1
github.com/jianfengye/collection/str_collection.go:54.2,54.12 1 1
github.com/jianfengye/collection/str_collection.go:43.22,45.3 1 0
github.com/jianfengye/collection/str_collection.go:46.32,51.3 4 1
github.com/jianfengye/collection/str_collection.go:51.8,53.3 1 0
github.com/jianfengye/collection/str_collection.go:58.53,59.22 1 0
github.com/jianfengye/collection/str_collection.go:63.2,64.14 2 0
github.com/jianfengye/collection/str_collection.go:67.2,68.12 2 0
github.com/jianfengye/collection/str_collection.go:59.22,61.3 1 0
github.com/jianfengye/collection/str_collection.go:64.14,66.3 1 0
github.com/jianfengye/collection/str_collection.go:72.45,74.2 1 1
github.com/jianfengye/collection/str_collection.go:76.39,78.2 1 1
github.com/jianfengye/collection/str_collection.go:80.32,82.29 2 1
github.com/jianfengye/collection/str_collection.go:85.2,86.16 2 1
github.com/jianfengye/collection/str_collection.go:82.29,84.3 1 1
github.com/jianfengye/collection/float64_collection.go:13.62,18.70 3 0
github.com/jianfengye/collection/float64_collection.go:29.2,29.12 1 0
github.com/jianfengye/collection/float64_collection.go:18.70,21.18 3 0
github.com/jianfengye/collection/float64_collection.go:24.3,24.18 1 0
github.com/jianfengye/collection/float64_collection.go:27.3,27.11 1 0
github.com/jianfengye/collection/float64_collection.go:21.18,23.4 1 0
github.com/jianfengye/collection/float64_collection.go:24.18,26.4 1 0
github.com/jianfengye/collection/float64_collection.go:32.78,33.22 1 0
github.com/jianfengye/collection/float64_collection.go:36.2,36.32 1 0
github.com/jianfengye/collection/float64_collection.go:44.2,44.12 1 0
github.com/jianfengye/collection/float64_collection.go:33.22,35.3 1 0
github.com/jianfengye/collection/float64_collection.go:36.32,41.3 4 0
github.com/jianfengye/collection/float64_collection.go:41.8,43.3 1 0
github.com/jianfengye/collection/float64_collection.go:47.57,48.22 1 0
github.com/jianfengye/collection/float64_collection.go:52.2,53.14 2 0
github.com/jianfengye/collection/float64_collection.go:56.2,57.12 2 0
github.com/jianfengye/collection/float64_collection.go:48.22,50.3 1 0
github.com/jianfengye/collection/float64_collection.go:53.14,55.3 1 0
github.com/jianfengye/collection/float64_collection.go:60.66,62.19 2 0
github.com/jianfengye/collection/float64_collection.go:65.2,65.15 1 0
github.com/jianfengye/collection/float64_collection.go:62.19,64.3 1 0
github.com/jianfengye/collection/float64_collection.go:69.49,71.2 1 0
github.com/jianfengye/collection/float64_collection.go:73.43,75.2 1 0
github.com/jianfengye/collection/float64_collection.go:77.36,79.29 2 0
github.com/jianfengye/collection/float64_collection.go:82.2,83.16 2 0
github.com/jianfengye/collection/float64_collection.go:79.29,81.3 1 0
github.com/jianfengye/collection/int64_collection.go:13.56,18.70 3 1
github.com/jianfengye/collection/int64_collection.go:29.2,29.12 1 1
github.com/jianfengye/collection/int64_collection.go:18.70,21.18 3 1
github.com/jianfengye/collection/int64_collection.go:24.3,24.18 1 1
github.com/jianfengye/collection/int64_collection.go:27.3,27.11 1 1
github.com/jianfengye/collection/int64_collection.go:21.18,23.4 1 1
github.com/jianfengye/collection/int64_collection.go:24.18,26.4 1 0
github.com/jianfengye/collection/int64_collection.go:32.76,33.22 1 0
github.com/jianfengye/collection/int64_collection.go:36.2,36.30 1 0
github.com/jianfengye/collection/int64_collection.go:44.2,44.12 1 0
github.com/jianfengye/collection/int64_collection.go:33.22,35.3 1 0
github.com/jianfengye/collection/int64_collection.go:36.30,41.3 4 0
github.com/jianfengye/collection/int64_collection.go:41.8,43.3 1 0
github.com/jianfengye/collection/int64_collection.go:47.55,48.22 1 0
github.com/jianfengye/collection/int64_collection.go:52.2,53.14 2 0
github.com/jianfengye/collection/int64_collection.go:56.2,57.12 2 0
github.com/jianfengye/collection/int64_collection.go:48.22,50.3 1 0
github.com/jianfengye/collection/int64_collection.go:53.14,55.3 1 0
github.com/jianfengye/collection/int64_collection.go:60.64,62.19 2 0
github.com/jianfengye/collection/int64_collection.go:65.2,65.15 1 0
github.com/jianfengye/collection/int64_collection.go:62.19,64.3 1 0
github.com/jianfengye/collection/int64_collection.go:69.47,71.2 1 1
github.com/jianfengye/collection/int64_collection.go:73.41,75.2 1 1
github.com/jianfengye/collection/int64_collection.go:77.34,79.29 2 1
github.com/jianfengye/collection/int64_collection.go:82.2,83.16 2 1
github.com/jianfengye/collection/int64_collection.go:79.29,81.3 1 1
